20 행: AdsOcx2 컨트롤의 ADSOCXLib.AdsOcx 클래스는 로드한 컨트롤 클래스가 아닙니다.
34 행: AdsOcx1 컨트롤의 ADSOCXLib.AdsOcx 클래스는 로드한 컨트롤 클래스가 아닙니다.
23 행: AdsOcx2의 _Version 속성 이름이 잘못되었습니다. 
24 행: AdsOcx2의 _ExtentX 속성 이름이 잘못되었습니다. 
25 행: AdsOcx2의 _ExtentY 속성 이름이 잘못되었습니다. 
26 행: AdsOcx2의 _StockProps 속성 이름이 잘못되었습니다. 
27 행: AdsOcx2의 AdsAmsServerNetId 속성 이름이 잘못되었습니다. 
28 행: AdsOcx2의 AdsAmsServerPort 속성 이름이 잘못되었습니다. 
29 행: AdsOcx2의 AdsAmsClientPort 속성 이름이 잘못되었습니다. 
30 행: AdsOcx2의 AdsClientType 속성 이름이 잘못되었습니다. 
31 행: AdsOcx2의 AdsClientAdsState 속성 이름이 잘못되었습니다. 
32 행: AdsOcx2의 AdsClientAdsControl 속성 이름이 잘못되었습니다. 
37 행: AdsOcx1의 _Version 속성 이름이 잘못되었습니다. 
38 행: AdsOcx1의 _ExtentX 속성 이름이 잘못되었습니다. 
39 행: AdsOcx1의 _ExtentY 속성 이름이 잘못되었습니다. 
40 행: AdsOcx1의 _StockProps 속성 이름이 잘못되었습니다. 
41 행: AdsOcx1의 AdsAmsServerNetId 속성 이름이 잘못되었습니다. 
42 행: AdsOcx1의 AdsAmsServerPort 속성 이름이 잘못되었습니다. 
43 행: AdsOcx1의 AdsAmsClientPort 속성 이름이 잘못되었습니다. 
44 행: AdsOcx1의 AdsClientType 속성 이름이 잘못되었습니다. 
45 행: AdsOcx1의 AdsClientAdsState 속성 이름이 잘못되었습니다. 
46 행: AdsOcx1의 AdsClientAdsControl 속성 이름이 잘못되었습니다. 
